<?xml version="1.0" encoding="UTF-8"?>
<!-- Generated by org.testng.reporters.JUnitXMLReporter -->
<testsuite ignored="0" hostname="Nextgen-Laptop" failures="0" tests="3" name="Submit Order Test" time="26.188" errors="0" timestamp="2025-08-06T21:04:59 IST">
  <testcase classname="mavenproject.tests.StandAloneTest2" name="submitOrder" time="8.519"/>
  <testcase classname="mavenproject.tests.StandAloneTest2" name="submitOrder" time="5.252"/>
  <testcase classname="mavenproject.tests.StandAloneTest2" name="OrderHistoryTest" time="1.37"/>
</testsuite> <!-- Submit Order Test -->
