<?xml version="1.0" encoding="UTF-8"?>
<!-- Generated by org.testng.reporters.JUnitXMLReporter -->
<testsuite ignored="0" hostname="Nextgen-Laptop" failures="0" tests="3" name="Submit Order Test" time="33.0" errors="0" timestamp="2025-08-07T23:24:29 IST">
  <testcase classname="mavenproject.tests.StandAloneTest2" name="submitOrder" time="8.086"/>
  <testcase classname="mavenproject.tests.StandAloneTest2" name="submitOrder" time="5.913"/>
  <testcase classname="mavenproject.tests.StandAloneTest2" name="OrderHistoryTest" time="1.552"/>
</testsuite> <!-- Submit Order Test -->
